IP Upgrade report for achilles_ghrd
Tue Jul 27 16:43:17 2021
Quartus Prime Version 21.1.0 Build 169 03/24/2021 SC Pro Edition


---------------------
; Table of Contents ;
---------------------
  1. Legal Notice
  2. IP Upgrade Summary
  3. IP Upgrade Messages



----------------
; Legal Notice ;
----------------
Copyright (C) 2021  Intel Corporation. All rights reserved.
Your use of Intel Corporation's design tools, logic functions 
and other software and tools, and any partner logic 
functions, and any output files from any of the foregoing 
(including device programming or simulation files), and any 
associated documentation or information are expressly subject 
to the terms and conditions of the Intel Program License 
Subscription Agreement, the Intel Quartus Prime License Agreement,
the Intel FPGA IP License Agreement, or other applicable license
agreement, including, without limitation, that your use is for
the sole purpose of programming logic devices manufactured by
Intel and sold by Intel or its authorized distributors.  Please
refer to the applicable agreement for further details, at
https://fpgasoftware.intel.com/eula.



+---------------------------------------------------------------------------+
; IP Upgrade Summary                                                        ;
+------------------------------+--------------------------------------------+
; IP Components Upgrade Status ; Passed - Tue Jul 27 16:43:17 2021          ;
; Quartus Prime Version        ; 21.1.0 Build 169 03/24/2021 SC Pro Edition ;
; Revision Name                ; achilles_ghrd                              ;
; Top-level Entity Name        ; achilles_ghrd                              ;
; Family                       ; Arria 10                                   ;
+------------------------------+--------------------------------------------+


+---------------------+
; IP Upgrade Messages ;
+---------------------+
Info (23030): Evaluation of Tcl script /home/dan/intelFPGA_pro/21.1/quartus/common/tcl/internal/ip_regen/ip_regen.tcl was successful
Info: Quartus Prime Shell was successful. 0 errors, 0 warnings
    Info: Peak virtual memory: 925 megabytes
    Info: Processing ended: Tue Jul 27 16:43:17 2021
    Info: Elapsed time: 00:00:11
    Info: System process ID: 209396


